{"name": "test_register_without_filling_out_fields[chrome]", "status": "failed", "statusDetails": {"message": "AssertionError: Password warning does not match", "trace": "self = <Tests.test_register_page_functionality.TestRegisterPage object at 0x107e02690>\n\n    def test_register_without_filling_out_fields(self):\n        home_page = HomePage(self.driver)\n        home_page.navigate_to_register_page()\n        register_page = RegisterPage(self.driver)\n        register_page.register_an_account(\"\", \"\", \"\",\n                                          \"\", \"\", \"\", \"\", \"\")\n    \n>       register_page.verify_all_warnings(\"Warning: You must agree to the Privacy Policy!\",\n                                          \"First Name must be between 1 and 32 characters!\",\n                                          \"Last Name must be between 1 and 32 characters!\",\n                                          \"E-Mail Address does not appear to be valid!\",\n                                          \"Telephone must be between 3 and 32 characters!\",\n                                          \"Password must be between 4 and 20 character\")\n\nTests/test_register_page_functionality.py:49: \n_ _ _ _ _ _ _ _ _ _ _ _ _ _ _ _ _ _ _ _ _ _ _ _ _ _ _ _ _ _ _ _ _ _ _ _ _ _ _ _ _ _ _ _ _ _ _ _ _ _ _ _ _ _ _ _ _ _ _ _ _ _ _ _ _ _ _ _ _ _ _ _ _ _ _ _ _ _ _ _ _ _ _ _ _ _ _ _ _ _ _\n\nself = <Pages.RegisterPage.RegisterPage object at 0x107c2db90>, expected_policy_warning = 'Warning: You must agree to the Privacy Policy!'\nexpected_first_name_warning = 'First Name must be between 1 and 32 characters!', expected_last_name_warning = 'Last Name must be between 1 and 32 characters!'\nexpected_email_warning = 'E-Mail Address does not appear to be valid!', expected_phone_warning = 'Telephone must be between 3 and 32 characters!'\nexpected_password_warning = 'Password must be between 4 and 20 character'\n\n    def verify_all_warnings(self, expected_policy_warning, expected_first_name_warning,\n                            expected_last_name_warning, expected_email_warning, expected_phone_warning,\n                            expected_password_warning):\n        actual_privacy_policy_warning = self.retrieve_policy_warning_message().strip()\n        actual_first_name_warning = self.retrieve_warning_message(self.first_name_warning_xpath).strip()\n        actual_last_name_warning = self.retrieve_warning_message(self.last_name_warning_xpath).strip()\n        actual_email_warning = self.retrieve_warning_message(self.email_warning_xpath).strip()\n        actual_phone_warning = self.retrieve_warning_message(self.telephone_warning_xpath).strip()\n        actual_password_warning = self.retrieve_warning_message(self.password_warning_xpath).strip()\n    \n        assert expected_policy_warning == actual_privacy_policy_warning, \"Privacy policy warning does not match\"\n        assert expected_first_name_warning == actual_first_name_warning, \"First name warning does not match\"\n        assert expected_last_name_warning == actual_last_name_warning, \"Last name warning does not match\"\n        assert expected_email_warning == actual_email_warning, \"Email warning does not match\"\n        assert expected_phone_warning == actual_phone_warning, \"Phone warning does not match\"\n>       assert expected_password_warning == actual_password_warning, \"Password warning does not match\"\nE       AssertionError: Password warning does not match\n\nPages/RegisterPage.py:99: AssertionError"}, "parameters": [{"name": "init_driver", "value": "'chrome'"}], "start": 1706744483356, "stop": 1706744488196, "uuid": "d144e37a-4956-4ed1-979b-df332b9f9b7d", "historyId": "e38ccf0ee10b42e06acb8daf23961dca", "testCaseId": "d721929b9a63e26a118ec9d1835a47fa", "fullName": "Tests.test_register_page_functionality.TestRegisterPage#test_register_without_filling_out_fields", "labels": [{"name": "tag", "value": "@pytest.mark.usefixtures('init_driver', 'log_on_failure')"}, {"name": "parentSuite", "value": "Tests"}, {"name": "suite", "value": "test_register_page_functionality"}, {"name": "subSuite", "value": "TestRegisterPage"}, {"name": "host", "value": "Shoks-Mac.local"}, {"name": "thread", "value": "37924-MainThread"}, {"name": "framework", "value": "pytest"}, {"name": "language", "value": "cpython3"}, {"name": "package", "value": "Tests.test_register_page_functionality"}]}